#
# There is insufficient memory for the Java Runtime Environment to continue.
# Native memory allocation (malloc) failed to allocate 1258416 bytes for Chunk::new
# Possible reasons:
#   The system is out of physical RAM or swap space
#   The process is running with CompressedOops enabled, and the Java Heap may be blocking the growth of the native heap
# Possible solutions:
#   Reduce memory load on the system
#   Increase physical memory or swap space
#   Check if swap backing store is full
#   Decrease Java heap size (-Xmx/-Xms)
#   Decrease number of Java threads
#   Decrease Java thread stack sizes (-Xss)
#   Set larger code cache with -XX:ReservedCodeCacheSize=
#   JVM is running with Unscaled Compressed Oops mode in which the Java heap is
#     placed in the first 4GB address space. The Java Heap base address is the
#     maximum limit for the native heap growth. Please use -XX:HeapBaseMinAddress
#     to set the Java Heap base and to place the Java Heap above 4GB virtual address.
# This output file may be truncated or incomplete.
#
#  Out of Memory Error (allocation.cpp:389), pid=3624, tid=0x000000000000384c
#
# JRE version: OpenJDK Runtime Environment (8.0_242-b01) (build 1.8.0_242-release-1644-b01)
# Java VM: OpenJDK 64-Bit Server VM (25.242-b01 mixed mode windows-amd64 compressed oops)
# Failed to write core dump. Minidumps are not enabled by default on client versions of Windows
#

---------------  T H R E A D  ---------------

Current thread (0x000000001a125000):  JavaThread "C2 CompilerThread1" daemon [_thread_in_native, id=14412, stack(0x000000001ab10000,0x000000001ac10000)]

Stack: [0x000000001ab10000,0x000000001ac10000]
[error occurred during error reporting (printing stack bounds), id 0xc0000005]

Native frames: (J=compiled Java code, j=interpreted, Vv=VM code, C=native code)


Current CompileTask:
C2: 624233 16173       4       com.android.tools.r8.code.v1::a (4137 bytes)


---------------  P R O C E S S  ---------------

Java Threads: ( => current thread )
  0x000000001f95a000 JavaThread "ForkJoinPool-2-worker-0" daemon [_thread_blocked, id=18036, stack(0x00000000330f0000,0x00000000331f0000)]
  0x000000001f95c800 JavaThread "ForkJoinPool-2-worker-7" daemon [_thread_blocked, id=12660, stack(0x0000000032ff0000,0x00000000330f0000)]
  0x000000001f959800 JavaThread "ForkJoinPool-2-worker-6" daemon [_thread_blocked, id=17164, stack(0x0000000032ef0000,0x0000000032ff0000)]
  0x000000001f95f800 JavaThread "ForkJoinPool-2-worker-5" daemon [_thread_blocked, id=8832, stack(0x0000000032df0000,0x0000000032ef0000)]
  0x000000001f95e800 JavaThread "ForkJoinPool-2-worker-4" daemon [_thread_blocked, id=9092, stack(0x0000000032cf0000,0x0000000032df0000)]
  0x000000001f95e000 JavaThread "ForkJoinPool-2-worker-3" daemon [_thread_blocked, id=19392, stack(0x0000000031ae0000,0x0000000031be0000)]
  0x000000001f958800 JavaThread "ForkJoinPool-2-worker-2" daemon [_thread_blocked, id=4108, stack(0x00000000319e0000,0x0000000031ae0000)]
  0x000000001f95d000 JavaThread "ForkJoinPool-2-worker-1" daemon [_thread_blocked, id=17576, stack(0x00000000318e0000,0x00000000319e0000)]
  0x000000001f95b800 JavaThread "WorkerExecutor Queue Thread 6" [_thread_blocked, id=22352, stack(0x00000000317e0000,0x00000000318e0000)]
  0x000000001f953800 JavaThread "WorkerExecutor Queue Thread 5" [_thread_blocked, id=22200, stack(0x00000000316e0000,0x00000000317e0000)]
  0x000000001f958000 JavaThread "WorkerExecutor Queue Thread 4" [_thread_blocked, id=21932, stack(0x00000000315e0000,0x00000000316e0000)]
  0x000000001f955000 JavaThread "WorkerExecutor Queue Thread 3" [_thread_blocked, id=844, stack(0x00000000314e0000,0x00000000315e0000)]
  0x000000001f952800 JavaThread "WorkerExecutor Queue Thread 2" [_thread_blocked, id=3172, stack(0x00000000313e0000,0x00000000314e0000)]
  0x000000001f954000 JavaThread "WorkerExecutor Queue" [_thread_blocked, id=11664, stack(0x00000000312e0000,0x00000000313e0000)]
  0x000000001f955800 JavaThread "ForkJoinPool.commonPool-worker-1" daemon [_thread_blocked, id=15336, stack(0x00000000311e0000,0x00000000312e0000)]
  0x000000001f957000 JavaThread "Cache worker for Java compile cache (D:\RandomnessD\MEIC_4ANO_2SEMESTRE\CMU\project\CMov-Project\ShopIST\.gradle\6.5\javaCompile)" [_thread_blocked, id=23108, stack(0x00000000310e0000,0x00000000311e0000)]
  0x000000001f952000 JavaThread "Cache worker for Java compile cache (C:\Users\hugo\.gradle\caches\6.5\javaCompile)" [_thread_blocked, id=2968, stack(0x0000000030fe0000,0x00000000310e0000)]
  0x000000001f951000 JavaThread "RMI TCP Connection(4)-127.0.0.1" daemon [_thread_in_native, id=3652, stack(0x0000000030ee0000,0x0000000030fe0000)]
  0x000000001f956800 JavaThread "RMI TCP Connection(3)-127.0.0.1" daemon [_thread_in_native, id=22040, stack(0x0000000030be0000,0x0000000030ce0000)]
  0x000000001f950000 JavaThread "RMI RenewClean-[127.0.0.1:17828,org.jetbrains.kotlin.daemon.common.LoopbackNetworkInterface$ClientLoopbackSocketFactory@21916db7]" daemon [_thread_blocked, id=17196, stack(0x0000000030520000,0x0000000030620000)]
  0x000000002f87b800 JavaThread "Cache worker for execution history cache (D:\RandomnessD\MEIC_4ANO_2SEMESTRE\CMU\project\CMov-Project\ShopIST\.gradle\6.5\executionHistory)" [_thread_blocked, id=13592, stack(0x0000000030320000,0x0000000030420000)]
  0x000000002f87c800 JavaThread "Execution worker for ':' Thread 7" [_thread_blocked, id=7932, stack(0x000000002ec50000,0x000000002ed50000)]
  0x000000002f879800 JavaThread "Execution worker for ':' Thread 6" [_thread_blocked, id=7864, stack(0x000000002e950000,0x000000002ea50000)]
  0x000000002f878800 JavaThread "Execution worker for ':' Thread 5" [_thread_blocked, id=16176, stack(0x000000002e850000,0x000000002e950000)]
  0x000000002f87b000 JavaThread "Execution worker for ':' Thread 4" [_thread_blocked, id=5756, stack(0x000000002e750000,0x000000002e850000)]
  0x000000002f87a000 JavaThread "Execution worker for ':' Thread 3" [_thread_blocked, id=12124, stack(0x000000002e650000,0x000000002e750000)]
  0x000000002f877000 JavaThread "Execution worker for ':' Thread 2" [_thread_blocked, id=15996, stack(0x000000002dd60000,0x000000002de60000)]
  0x000000002f878000 JavaThread "Execution worker for ':'" [_thread_blocked, id=23240, stack(0x000000002ca10000,0x000000002cb10000)]
  0x000000002f875800 JavaThread "Cache worker for file content cache (D:\RandomnessD\MEIC_4ANO_2SEMESTRE\CMU\project\CMov-Project\ShopIST\.gradle\6.5\fileContent)" [_thread_blocked, id=1392, stack(0x000000002bb10000,0x000000002bc10000)]
  0x000000002f876800 JavaThread "pool-6-thread-1" [_thread_blocked, id=14400, stack(0x000000002b810000,0x000000002b910000)]
  0x000000001a164800 JavaThread "Cache worker for Build Output Cleanup Cache (D:\RandomnessD\MEIC_4ANO_2SEMESTRE\CMU\project\CMov-Project\ShopIST\.gradle\buildOutputCleanup)" [_thread_blocked, id=22248, stack(0x000000002b510000,0x000000002b610000)]
  0x000000001a164000 JavaThread "jar transforms Thread 456" [_thread_blocked, id=16472, stack(0x000000002b410000,0x000000002b510000)]
  0x000000001a167000 JavaThread "jar transforms Thread 455" [_thread_blocked, id=16032, stack(0x000000002b310000,0x000000002b410000)]
  0x000000001a162800 JavaThread "jar transforms Thread 454" [_thread_blocked, id=3364, stack(0x000000002b210000,0x000000002b310000)]
  0x000000001a168800 JavaThread "jar transforms Thread 453" [_thread_blocked, id=8272, stack(0x000000002b110000,0x000000002b210000)]
  0x000000001a165800 JavaThread "jar transforms Thread 452" [_thread_blocked, id=20728, stack(0x000000002b010000,0x000000002b110000)]
  0x000000001a166000 JavaThread "jar transforms Thread 451" [_thread_blocked, id=19420, stack(0x000000002af10000,0x000000002b010000)]
  0x000000001a167800 JavaThread "jar transforms Thread 450" [_thread_blocked, id=16188, stack(0x000000002ae10000,0x000000002af10000)]
  0x000000001a161800 JavaThread "jar transforms Thread 449" [_thread_blocked, id=11684, stack(0x000000002ad10000,0x000000002ae10000)]
  0x000000001a163000 JavaThread "jar transforms Thread 448" [_thread_blocked, id=2712, stack(0x000000002ac10000,0x000000002ad10000)]
  0x0000000022160800 JavaThread "jar transforms Thread 447" [_thread_blocked, id=11596, stack(0x000000002ab10000,0x000000002ac10000)]
  0x000000002215e800 JavaThread "jar transforms Thread 446" [_thread_blocked, id=23000, stack(0x000000002aa10000,0x000000002ab10000)]
  0x0000000022160000 JavaThread "jar transforms Thread 445" [_thread_blocked, id=15924, stack(0x000000002a910000,0x000000002aa10000)]
  0x000000002215d800 JavaThread "jar transforms Thread 444" [_thread_blocked, id=20524, stack(0x000000002a810000,0x000000002a910000)]
  0x000000002215c000 JavaThread "jar transforms Thread 443" [_thread_blocked, id=264, stack(0x000000002a710000,0x000000002a810000)]
  0x000000002215b800 JavaThread "jar transforms Thread 442" [_thread_blocked, id=7108, stack(0x000000002a610000,0x000000002a710000)]
  0x000000002215f000 JavaThread "jar transforms Thread 441" [_thread_blocked, id=19896, stack(0x000000002a510000,0x000000002a610000)]
  0x000000002215d000 JavaThread "jar transforms Thread 440" [_thread_blocked, id=5760, stack(0x000000002a410000,0x000000002a510000)]
  0x0000000022158800 JavaThread "jar transforms Thread 439" [_thread_blocked, id=17364, stack(0x000000002a310000,0x000000002a410000)]
  0x0000000022154000 JavaThread "jar transforms Thread 438" [_thread_blocked, id=22004, stack(0x000000002a210000,0x000000002a310000)]
  0x0000000022159000 JavaThread "jar transforms Thread 437" [_thread_blocked, id=9060, stack(0x000000002a110000,0x000000002a210000)]
  0x000000002215a800 JavaThread "jar transforms Thread 436" [_thread_blocked, id=3832, stack(0x000000002a010000,0x000000002a110000)]
  0x0000000022153000 JavaThread "jar transforms Thread 435" [_thread_blocked, id=17868, stack(0x0000000029e10000,0x0000000029f10000)]
  0x0000000022157800 JavaThread "jar transforms Thread 434" [_thread_blocked, id=12392, stack(0x0000000029d10000,0x0000000029e10000)]
  0x0000000022155800 JavaThread "jar transforms Thread 433" [_thread_blocked, id=1140, stack(0x0000000029c10000,0x0000000029d10000)]
  0x000000002215a000 JavaThread "jar transforms Thread 432" [_thread_blocked, id=6208, stack(0x0000000029b10000,0x0000000029c10000)]
  0x0000000022151800 JavaThread "jar transforms Thread 431" [_thread_blocked, id=10188, stack(0x0000000029a10000,0x0000000029b10000)]
  0x0000000022152800 JavaThread "jar transforms Thread 430" [_thread_blocked, id=4848, stack(0x0000000029910000,0x0000000029a10000)]
  0x0000000022157000 JavaThread "jar transforms Thread 429" [_thread_blocked, id=22100, stack(0x0000000029810000,0x0000000029910000)]
  0x0000000022154800 JavaThread "jar transforms Thread 428" [_thread_blocked, id=8496, stack(0x0000000029710000,0x0000000029810000)]
  0x0000000022156000 JavaThread "jar transforms Thread 427" [_thread_blocked, id=14236, stack(0x0000000029610000,0x0000000029710000)]
  0x0000000020629800 JavaThread "jar transforms Thread 426" [_thread_blocked, id=13416, stack(0x0000000029510000,0x0000000029610000)]
  0x0000000020625000 JavaThread "jar transforms Thread 425" [_thread_blocked, id=5204, stack(0x0000000029410000,0x0000000029510000)]
  0x0000000020628000 JavaThread "jar transforms Thread 424" [_thread_blocked, id=13360, stack(0x0000000029310000,0x0000000029410000)]
  0x0000000020622000 JavaThread "jar transforms Thread 423" [_thread_blocked, id=15476, stack(0x0000000029210000,0x0000000029310000)]
  0x0000000020623800 JavaThread "jar transforms Thread 422" [_thread_blocked, id=15836, stack(0x0000000029110000,0x0000000029210000)]
  0x0000000020626800 JavaThread "jar transforms Thread 421" [_thread_blocked, id=11148, stack(0x0000000029010000,0x0000000029110000)]
  0x0000000020629000 JavaThread "jar transforms Thread 420" [_thread_blocked, id=8948, stack(0x0000000028f10000,0x0000000029010000)]
  0x0000000020627800 JavaThread "jar transforms Thread 419" [_thread_blocked, id=2628, stack(0x0000000028e10000,0x0000000028f10000)]
  0x0000000020623000 JavaThread "jar transforms Thread 418" [_thread_blocked, id=15496, stack(0x0000000028d10000,0x0000000028e10000)]
  0x0000000020626000 JavaThread "jar transforms Thread 417" [_thread_blocked, id=15524, stack(0x0000000028c10000,0x0000000028d10000)]
  0x0000000020624800 JavaThread "jar transforms Thread 416" [_thread_blocked, id=17336, stack(0x0000000028b10000,0x0000000028c10000)]
  0x000000002061a800 JavaThread "jar transforms Thread 415" [_thread_blocked, id=20872, stack(0x0000000028a10000,0x0000000028b10000)]
  0x0000000020620800 JavaThread "jar transforms Thread 414" [_thread_blocked, id=13596, stack(0x0000000028910000,0x0000000028a10000)]
  0x000000002061f000 JavaThread "jar transforms Thread 413" [_thread_blocked, id=20692, stack(0x0000000028810000,0x0000000028910000)]
  0x0000000020621800 JavaThread "jar transforms Thread 412" [_thread_blocked, id=17536, stack(0x0000000028710000,0x0000000028810000)]
  0x0000000020620000 JavaThread "jar transforms Thread 411" [_thread_blocked, id=22224, stack(0x0000000028610000,0x0000000028710000)]
  0x000000002061c000 JavaThread "jar transforms Thread 410" [_thread_blocked, id=18756, stack(0x0000000028510000,0x0000000028610000)]
  0x000000002061d800 JavaThread "jar transforms Thread 409" [_thread_blocked, id=10048, stack(0x0000000028410000,0x0000000028510000)]
  0x000000002061b800 JavaThread "jar transforms Thread 408" [_thread_blocked, id=11512, stack(0x0000000028310000,0x0000000028410000)]
  0x000000002061e800 JavaThread "jar transforms Thread 407" [_thread_blocked, id=14116, stack(0x0000000028210000,0x0000000028310000)]
  0x000000002061d000 JavaThread "jar transforms Thread 406" [_thread_blocked, id=17736, stack(0x0000000028110000,0x0000000028210000)]
  0x000000001d024000 JavaThread "jar transforms Thread 405" [_thread_blocked, id=20364, stack(0x0000000028010000,0x0000000028110000)]
  0x000000001d025800 JavaThread "jar transforms Thread 404" [_thread_blocked, id=4324, stack(0x0000000027f10000,0x0000000028010000)]
  0x000000001d022800 JavaThread "jar transforms Thread 403" [_thread_blocked, id=18420, stack(0x0000000027e10000,0x0000000027f10000)]
  0x000000001d023800 JavaThread "jar transforms Thread 402" [_thread_blocked, id=9468, stack(0x0000000027d10000,0x0000000027e10000)]
  0x000000001d020800 JavaThread "jar transforms Thread 401" [_thread_blocked, id=2756, stack(0x0000000027c10000,0x0000000027d10000)]
  0x000000001d0de000 JavaThread "jar transforms Thread 400" [_thread_blocked, id=11612, stack(0x0000000027b10000,0x0000000027c10000)]
  0x000000001d0e3800 JavaThread "jar transforms Thread 399" [_thread_blocked, id=7532, stack(0x0000000027a10000,0x0000000027b10000)]
  0x000000001d0dd000 JavaThread "jar transforms Thread 398" [_thread_blocked, id=22496, stack(0x0000000027910000,0x0000000027a10000)]
  0x000000001d0e4000 JavaThread "jar transforms Thread 397" [_thread_blocked, id=1860, stack(0x0000000027810000,0x0000000027910000)]
  0x000000001d0e2800 JavaThread "jar transforms Thread 396" [_thread_blocked, id=22568, stack(0x0000000027710000,0x0000000027810000)]
  0x000000001d0df000 JavaThread "jar transforms Thread 395" [_thread_blocked, id=18132, stack(0x0000000027610000,0x0000000027710000)]
  0x000000001d0df800 JavaThread "jar transforms Thread 394" [_thread_blocked, id=2284, stack(0x0000000027510000,0x0000000027610000)]
  0x000000001d0e1000 JavaThread "jar transforms Thread 393" [_thread_blocked, id=16232, stack(0x0000000027410000,0x0000000027510000)]
  0x000000002ce4e000 JavaThread "jar transforms Thread 392" [_thread_blocked, id=2060, stack(0x0000000027310000,0x0000000027410000)]
  0x000000002ce4f000 JavaThread "jar transforms Thread 391" [_thread_blocked, id=1020, stack(0x0000000027210000,0x0000000027310000)]
  0x000000002ce4d800 JavaThread "jar transforms Thread 390" [_thread_blocked, id=18940, stack(0x0000000027110000,0x0000000027210000)]
  0x000000002ce4c800 JavaThread "jar transforms Thread 389" [_thread_blocked, id=9656, stack(0x0000000027010000,0x0000000027110000)]
  0x000000002ce4c000 JavaThread "jar transforms Thread 388" [_thread_blocked, id=19156, stack(0x0000000026f10000,0x0000000027010000)]
  0x000000002ce50800 JavaThread "jar transforms Thread 387" [_thread_blocked, id=21224, stack(0x0000000026e10000,0x0000000026f10000)]
  0x000000002ce4f800 JavaThread "jar transforms Thread 386" [_thread_blocked, id=13556, stack(0x0000000026d10000,0x0000000026e10000)]
  0x000000002ce44800 JavaThread "jar transforms Thread 385" [_thread_blocked, id=12352, stack(0x0000000026c10000,0x0000000026d10000)]
  0x000000002ce45000 JavaThread "jar transforms Thread 384" [_thread_blocked, id=18456, stack(0x0000000026b10000,0x0000000026c10000)]
  0x000000002ce4b000 JavaThread "jar transforms Thread 383" [_thread_blocked, id=8092, stack(0x0000000026a10000,0x0000000026b10000)]
  0x000000002ce43800 JavaThread "jar transforms Thread 382" [_thread_blocked, id=22816, stack(0x0000000026910000,0x0000000026a10000)]
  0x000000002ce4a800 JavaThread "jar transforms Thread 381" [_thread_blocked, id=20204, stack(0x0000000026810000,0x0000000026910000)]
  0x000000002ce49800 JavaThread "jar transforms Thread 380" [_thread_blocked, id=10700, stack(0x0000000026710000,0x0000000026810000)]
  0x000000002ce42000 JavaThread "jar transforms Thread 379" [_thread_blocked, id=868, stack(0x0000000026610000,0x0000000026710000)]
  0x000000002ce43000 JavaThread "jar transforms Thread 378" [_thread_blocked, id=7992, stack(0x0000000026510000,0x0000000026610000)]
  0x000000002ce47800 JavaThread "jar transforms Thread 377" [_thread_blocked, id=23496, stack(0x0000000026410000,0x0000000026510000)]
  0x000000001b8a7800 JavaThread "jar transforms Thread 376" [_thread_blocked, id=21704, stack(0x0000000026310000,0x0000000026410000)]
  0x000000001b8ad800 JavaThread "jar transforms Thread 375" [_thread_blocked, id=14908, stack(0x0000000026210000,0x0000000026310000)]
  0x000000001b8ac800 JavaThread "jar transforms Thread 374" [_thread_blocked, id=20856, stack(0x0000000026110000,0x0000000026210000)]
  0x000000001b8a6800 JavaThread "jar transforms Thread 373" [_thread_blocked, id=22612, stack(0x0000000026010000,0x0000000026110000)]
  0x000000001b8a9800 JavaThread "jar transforms Thread 372" [_thread_blocked, id=3804, stack(0x0000000025f10000,0x0000000026010000)]
  0x000000001b8a9000 JavaThread "jar transforms Thread 371" [_thread_blocked, id=23060, stack(0x0000000025e10000,0x0000000025f10000)]
  0x000000001b8a8000 JavaThread "jar transforms Thread 370" [_thread_blocked, id=18988, stack(0x0000000025d10000,0x0000000025e10000)]
  0x000000001b8a5000 JavaThread "jar transforms Thread 369" [_thread_blocked, id=15696, stack(0x0000000025c10000,0x0000000025d10000)]
  0x000000001b8ab000 JavaThread "jar transforms Thread 368" [_thread_blocked, id=18948, stack(0x0000000025b10000,0x0000000025c10000)]
  0x000000001b8ac000 JavaThread "jar transforms Thread 367" [_thread_blocked, id=14532, stack(0x0000000025a10000,0x0000000025b10000)]
  0x000000001b8aa800 JavaThread "jar transforms Thread 366" [_thread_blocked, id=13384, stack(0x0000000025910000,0x0000000025a10000)]
  0x000000001b8a6000 JavaThread "jar transforms Thread 365" [_thread_blocked, id=14748, stack(0x0000000025810000,0x0000000025910000)]
  0x000000001b8a4800 JavaThread "jar transforms Thread 364" [_thread_blocked, id=21020, stack(0x0000000025710000,0x0000000025810000)]
  0x000000001b89f000 JavaThread "jar transforms Thread 363" [_thread_blocked, id=1204, stack(0x0000000025610000,0x0000000025710000)]
  0x000000001b8a0800 JavaThread "jar transforms Thread 362" [_thread_blocked, id=1652, stack(0x0000000025510000,0x0000000025610000)]
  0x000000001b8a0000 JavaThread "jar transforms Thread 361" [_thread_blocked, id=20304, stack(0x0000000025410000,0x0000000025510000)]
  0x000000001b8a1800 JavaThread "jar transforms Thread 360" [_thread_blocked, id=19008, stack(0x0000000025310000,0x0000000025410000)]
  0x000000002211e000 JavaThread "jar transforms Thread 359" [_thread_blocked, id=14248, stack(0x0000000025210000,0x0000000025310000)]
  0x000000002211c800 JavaThread "jar transforms Thread 358" [_thread_blocked, id=16828, stack(0x0000000025110000,0x0000000025210000)]
  0x000000002211b000 JavaThread "jar transforms Thread 357" [_thread_blocked, id=20264, stack(0x0000000025010000,0x0000000025110000)]
  0x000000002211f000 JavaThread "jar transforms Thread 356" [_thread_blocked, id=6440, stack(0x0000000024f10000,0x0000000025010000)]
  0x000000002211d800 JavaThread "jar transforms Thread 355" [_thread_blocked, id=9928, stack(0x0000000024e10000,0x0000000024f10000)]
  0x000000002211c000 JavaThread "jar transforms Thread 354" [_thread_blocked, id=21996, stack(0x0000000024d10000,0x0000000024e10000)]
  0x0000000022116000 JavaThread "jar transforms Thread 353" [_thread_blocked, id=22872, stack(0x0000000024c10000,0x0000000024d10000)]
  0x0000000022113800 JavaThread "jar transforms Thread 352" [_thread_blocked, id=19540, stack(0x0000000024b10000,0x0000000024c10000)]
  0x0000000022116800 JavaThread "jar transforms Thread 351" [_thread_blocked, id=14208, stack(0x0000000024a10000,0x0000000024b10000)]
  0x000000002211a800 JavaThread "jar transforms Thread 350" [_thread_blocked, id=23004, stack(0x0000000024910000,0x0000000024a10000)]
  0x0000000022113000 JavaThread "jar transforms Thread 349" [_thread_blocked, id=10428, stack(0x0000000024810000,0x0000000024910000)]
  0x0000000022115000 JavaThread "jar transforms Thread 348" [_thread_blocked, id=14832, stack(0x0000000024710000,0x0000000024810000)]
  0x0000000022119800 JavaThread "jar transforms Thread 347" [_thread_blocked, id=1900, stack(0x0000000024610000,0x0000000024710000)]
  0x0000000022119000 JavaThread "jar transforms Thread 346" [_thread_blocked, id=15636, stack(0x0000000024510000,0x0000000024610000)]
  0x0000000022114800 JavaThread "jar transforms Thread 345" [_thread_blocked, id=7844, stack(0x0000000024410000,0x0000000024510000)]
  0x0000000022117800 JavaThread "jar transforms Thread 344" [_thread_blocked, id=1664, stack(0x0000000024310000,0x0000000024410000)]
  0x0000000022112000 JavaThread "jar transforms Thread 343" [_thread_blocked, id=14624, stack(0x0000000024210000,0x0000000024310000)]
  0x000000001d4f0000 JavaThread "Build operations Thread 8" [_thread_blocked, id=16072, stack(0x0000000024110000,0x0000000024210000)]
  0x000000001d4e8800 JavaThread "Build operations Thread 7" [_thread_blocked, id=1904, stack(0x0000000024010000,0x0000000024110000)]
  0x000000001d4ed000 JavaThread "Build operations Thread 6" [_thread_blocked, id=4128, stack(0x0000000023f10000,0x0000000024010000)]
  0x000000001d4ec800 JavaThread "Build operations Thread 5" [_thread_blocked, id=20104, stack(0x0000000023e10000,0x0000000023f10000)]
  0x000000001d4ea000 JavaThread "Build operations Thread 4" [_thread_blocked, id=17816, stack(0x0000000023d10000,0x0000000023e10000)]
  0x000000001d4e9800 JavaThread "Build operations Thread 3" [_thread_blocked, id=6632, stack(0x0000000023c10000,0x0000000023d10000)]
  0x000000001d4ef800 JavaThread "Build operations Thread 2" [_thread_blocked, id=18556, stack(0x0000000023410000,0x0000000023510000)]
  0x000000001d4ee800 JavaThread "Build operations" [_thread_blocked, id=21940, stack(0x0000000022c10000,0x0000000022d10000)]
  0x000000001d4eb000 JavaThread "Cache worker for cache directory md-rule (C:\Users\hugo\.gradle\caches\6.5\md-rule)" [_thread_blocked, id=22448, stack(0x0000000021a60000,0x0000000021b60000)]
  0x000000001d4ee000 JavaThread "Cache worker for cache directory md-supplier (C:\Users\hugo\.gradle\caches\6.5\md-supplier)" [_thread_blocked, id=16420, stack(0x00000000216f0000,0x00000000217f0000)]
  0x000000001d4e1000 JavaThread "Cache worker for checksums cache (D:\RandomnessD\MEIC_4ANO_2SEMESTRE\CMU\project\CMov-Project\ShopIST\.gradle\checksums)" [_thread_blocked, id=4696, stack(0x00000000213f0000,0x00000000214f0000)]
  0x000000001d4e8000 JavaThread "Cache worker for file hash cache (D:\RandomnessD\MEIC_4ANO_2SEMESTRE\CMU\project\CMov-Project\ShopIST\.gradle\6.5\fileHashes)" [_thread_blocked, id=2984, stack(0x000000001ec50000,0x000000001ed50000)]
  0x000000001d4e7000 JavaThread "Thread-474" [_thread_blocked, id=5184, stack(0x000000001eb50000,0x000000001ec50000)]
  0x000000001d4e5800 JavaThread "Stdin handler" [_thread_blocked, id=11960, stack(0x000000001ea50000,0x000000001eb50000)]
  0x000000001d4e6800 JavaThread "Asynchronous log dispatcher for DefaultDaemonConnection: socket connection from /127.0.0.1:52504 to /127.0.0.1:52783" [_thread_blocked, id=20140, stack(0x000000001e950000,0x000000001ea50000)]
  0x000000001d4e5000 JavaThread "Daemon worker Thread 3" [_thread_blocked, id=4168, stack(0x000000001e550000,0x000000001e650000)]
  0x000000001d4e2800 JavaThread "Cancel handler" [_thread_blocked, id=22484, stack(0x00000000016b0000,0x00000000017b0000)]
  0x000000001d4e2000 JavaThread "Handler for socket connection from /127.0.0.1:52504 to /127.0.0.1:52783" [_thread_in_native, id=11348, stack(0x00000000015b0000,0x00000000016b0000)]
  0x000000001d4e4000 JavaThread "Daemon Thread 3" [_thread_blocked, id=7636, stack(0x00000000014b0000,0x00000000015b0000)]
  0x0000000022111800 JavaThread "RMI Reaper" [_thread_blocked, id=13400, stack(0x0000000030ae0000,0x0000000030be0000)]
  0x0000000022118000 JavaThread "RMI TCP Accept-0" daemon [_thread_in_native, id=22788, stack(0x00000000309e0000,0x0000000030ae0000)]
  0x0000000022110800 JavaThread "GC Daemon" daemon [_thread_blocked, id=20892, stack(0x00000000308e0000,0x00000000309e0000)]
  0x0000000022110000 JavaThread "RMI Scheduler(0)" daemon [_thread_blocked, id=7372, stack(0x0000000030420000,0x0000000030520000)]
  0x000000001d0e2000 JavaThread "Memory manager" [_thread_blocked, id=14820, stack(0x000000002df50000,0x000000002e050000)]
  0x000000001d026800 JavaThread "Cache worker for file content cache (C:\Users\hugo\.gradle\caches\6.5\fileContent)" [_thread_blocked, id=16552, stack(0x0000000023510000,0x0000000023610000)]
  0x000000001d025000 JavaThread "Cache worker for execution history cache (C:\Users\hugo\.gradle\caches\6.5\executionHistory)" [_thread_blocked, id=10004, stack(0x0000000022d10000,0x0000000022e10000)]
  0x000000001d021000 JavaThread "Cache worker for file hash cache (C:\Users\hugo\.gradle\caches\6.5\fileHashes)" [_thread_blocked, id=7648, stack(0x000000001f150000,0x000000001f250000)]
  0x000000001d022000 JavaThread "File lock request listener" [_thread_in_native, id=21348, stack(0x000000001f050000,0x000000001f150000)]
  0x000000001d064800 JavaThread "Cache worker for journal cache (C:\Users\hugo\.gradle\caches\journal-1)" [_thread_blocked, id=12692, stack(0x000000001ef50000,0x000000001f050000)]
  0x000000001ccb4800 JavaThread "Daemon periodic checks" [_thread_blocked, id=21948, stack(0x000000001e250000,0x000000001e350000)]
  0x000000001cd58800 JavaThread "Incoming local TCP Connector on port 52504" [_thread_in_native, id=16272, stack(0x000000001dff0000,0x000000001e0f0000)]
  0x000000001cc1b800 JavaThread "Daemon health stats" [_thread_blocked, id=13672, stack(0x000000001d9b0000,0x000000001dab0000)]
  0x000000001a1b7800 JavaThread "Service Thread" daemon [_thread_blocked, id=6168, stack(0x000000001ae10000,0x000000001af10000)]
  0x000000001a131000 JavaThread "C1 CompilerThread3" daemon [_thread_blocked, id=4628, stack(0x000000001ad10000,0x000000001ae10000)]
  0x000000001a12d800 JavaThread "C2 CompilerThread2" daemon [_thread_blocked, id=20500, stack(0x000000001ac10000,0x000000001ad10000)]
=>0x000000001a125000 JavaThread "C2 CompilerThread1" daemon [_thread_in_native, id=14412, stack(0x000000001ab10000,0x000000001ac10000)]
  0x000000001a122000 JavaThread "C2 CompilerThread0" daemon [_thread_blocked, id=17180, stack(0x000000001aa10000,0x000000001ab10000)]
  0x000000001a120000 JavaThread "Attach Listener" daemon [_thread_blocked, id=21820, stack(0x000000001a910000,0x000000001aa10000)]
  0x000000001a11f000 JavaThread "Signal Dispatcher" daemon [_thread_blocked, id=20660, stack(0x000000001a810000,0x000000001a910000)]
  0x00000000032a8800 JavaThread "Finalizer" daemon [_thread_blocked, id=19204, stack(0x000000001a5f0000,0x000000001a6f0000)]
  0x000000001831c000 JavaThread "Reference Handler" daemon [_thread_blocked, id=9252, stack(0x000000001a4f0000,0x000000001a5f0000)]
  0x000000000301e000 JavaThread "main" [_thread_blocked, id=6804, stack(0x00000000030b0000,0x00000000031b0000)]

Other Threads:
  0x0000000018317800 VMThread [stack: 0x0000000019ff0000,0x000000001a0f0000] [id=12664]
  0x000000001a1b9000 WatcherThread [stack: 0x000000001af10000,0x000000001b010000] [id=6648]

VM state:at safepoint (normal execution)

VM Mutex/Monitor currently owned by a thread:  ([mutex/lock_event])
[0x000000000301cef0] Threads_lock - owner thread: 0x0000000018317800
[0x00000000031b1ed0] Heap_lock - owner thread: 0x000000001f95c800

heap address: 0x0000000080000000, size: 2048 MB, Compressed Oops mode: 32-bit
Narrow klass base: 0x0000000000000000, Narrow klass shift: 3
Compressed class space size: 1073741824 Address: 0x0000000100000000

Heap:
 PSYoungGen      total 347136K, used 81897K [0x00000000d5580000, 0x00000000f5380000, 0x0000000100000000)
  eden space 265216K, 0% used [0x00000000d5580000,0x00000000d5580000,0x00000000e5880000)
  from space 81920K, 99% used [0x00000000ec580000,0x00000000f157a4e8,0x00000000f1580000)
  to   space 111616K, 0% used [0x00000000e5880000,0x00000000e5880000,0x00000000ec580000)
 ParOldGen       total 156672K, used 155445K [0x0000000080000000, 0x0000000089900000, 0x00000000d5580000)
  object space 156672K, 99% used [0x0000000080000000,0x00000000897cd4a8,0x0000000089900000)
 Metaspace       used 91354K, capacity 97024K, committed 97240K, reserved 1132544K
  class space    used 12294K, capacity 13284K, committed 13312K, reserved 1048576K

Card table byte_map: [0x0000000012670000,0x0000000012a80000] byte_map_base: 0x0000000012270000

Marking Bits: (ParMarkBitMap*) 0x0000000076a5f030
 Begin Bits: [0x0000000013530000, 0x0000000015530000)
 End Bits:   [0x0000000015530000, 0x0000000017530000)

Polling page: 0x0000000001390000

CodeCache: size=245760Kb used=42029Kb max_used=42183Kb free=203730Kb
 bounds [0x00000000032b0000, 0x0000000005c20000, 0x00000000122b0000]
 total_blobs=14141 nmethods=13272 adapters=780
 compilation: enabled

Compilation events (10 events):
Event: 624.125 Thread 0x000000001a122000 nmethod 16196 0x0000000003580ed0 code [0x0000000003581020, 0x00000000035811d8]
Event: 624.125 Thread 0x000000001a122000 16223       4       com.android.tools.r8.code.c3::<init> (6 bytes)
Event: 624.125 Thread 0x000000001a12d800 16246       4       com.android.tools.r8.code.G1::<init> (13 bytes)
Event: 624.125 Thread 0x000000001a131000 16254       3       com.android.tools.r8.code.p0::<init> (7 bytes)
Event: 624.126 Thread 0x000000001a122000 nmethod 16223 0x000000000376a810 code [0x000000000376a960, 0x000000000376a9f8]
Event: 624.126 Thread 0x000000001a131000 nmethod 16254 0x0000000005c12890 code [0x0000000005c12a60, 0x0000000005c13198]
Event: 624.126 Thread 0x000000001a122000 16222       4       com.android.tools.r8.code.Z0::<init> (12 bytes)
Event: 624.127 Thread 0x000000001a122000 nmethod 16222 0x0000000003d84250 code [0x0000000003d843a0, 0x0000000003d84458]
Event: 624.128 Thread 0x000000001a122000 16201       4       com.android.tools.r8.code.a3::<init> (7 bytes)
Event: 624.129 Thread 0x000000001a122000 nmethod 16201 0x0000000003565d90 code [0x0000000003565ee0, 0x0000000003565f98]

GC Heap History (10 events):
Event: 69.337 GC heap after
Heap after GC invocations=16 (full 3):
 PSYoungGen      total 264704K, used 23015K [0x00000000d5580000, 0x00000000e9b80000, 0x0000000100000000)
  eden space 241664K, 0% used [0x00000000d5580000,0x00000000d5580000,0x00000000e4180000)
  from space 23040K, 99% used [0x00000000e4180000,0x00000000e57f9c10,0x00000000e5800000)
  to   space 28672K, 0% used [0x00000000e7f80000,0x00000000e7f80000,0x00000000e9b80000)
 ParOldGen       total 156672K, used 38358K [0x0000000080000000, 0x0000000089900000, 0x00000000d5580000)
  object space 156672K, 24% used [0x0000000080000000,0x0000000082575800,0x0000000089900000)
 Metaspace       used 74870K, capacity 78510K, committed 78808K, reserved 1118208K
  class space    used 10034K, capacity 10690K, committed 10752K, reserved 1048576K
}
Event: 106.110 GC heap before
{Heap before GC invocations=17 (full 3):
 PSYoungGen      total 264704K, used 264679K [0x00000000d5580000, 0x00000000e9b80000, 0x0000000100000000)
  eden space 241664K, 100% used [0x00000000d5580000,0x00000000e4180000,0x00000000e4180000)
  from space 23040K, 99% used [0x00000000e4180000,0x00000000e57f9c10,0x00000000e5800000)
  to   space 28672K, 0% used [0x00000000e7f80000,0x00000000e7f80000,0x00000000e9b80000)
 ParOldGen       total 156672K, used 38358K [0x0000000080000000, 0x0000000089900000, 0x00000000d5580000)
  object space 156672K, 24% used [0x0000000080000000,0x0000000082575800,0x0000000089900000)
 Metaspace       used 75856K, capacity 79650K, committed 79832K, reserved 1118208K
  class space    used 10061K, capacity 10732K, committed 10752K, reserved 1048576K
Event: 106.148 GC heap after
Heap after GC invocations=17 (full 3):
 PSYoungGen      total 301056K, used 27877K [0x00000000d5580000, 0x00000000e9f80000, 0x0000000100000000)
  eden space 272384K, 0% used [0x00000000d5580000,0x00000000d5580000,0x00000000e5f80000)
  from space 28672K, 97% used [0x00000000e7f80000,0x00000000e9ab97e0,0x00000000e9b80000)
  to   space 32768K, 0% used [0x00000000e5f80000,0x00000000e5f80000,0x00000000e7f80000)
 ParOldGen       total 156672K, used 38366K [0x0000000080000000, 0x0000000089900000, 0x00000000d5580000)
  object space 156672K, 24% used [0x0000000080000000,0x0000000082577800,0x0000000089900000)
 Metaspace       used 75856K, capacity 79650K, committed 79832K, reserved 1118208K
  class space    used 10061K, capacity 10732K, committed 10752K, reserved 1048576K
}
Event: 210.517 GC heap before
{Heap before GC invocations=18 (full 3):
 PSYoungGen      total 301056K, used 300261K [0x00000000d5580000, 0x00000000e9f80000, 0x0000000100000000)
  eden space 272384K, 100% used [0x00000000d5580000,0x00000000e5f80000,0x00000000e5f80000)
  from space 28672K, 97% used [0x00000000e7f80000,0x00000000e9ab97e0,0x00000000e9b80000)
  to   space 32768K, 0% used [0x00000000e5f80000,0x00000000e5f80000,0x00000000e7f80000)
 ParOldGen       total 156672K, used 38366K [0x0000000080000000, 0x0000000089900000, 0x00000000d5580000)
  object space 156672K, 24% used [0x0000000080000000,0x0000000082577800,0x0000000089900000)
 Metaspace       used 79163K, capacity 83324K, committed 83416K, reserved 1122304K
  class space    used 10488K, capacity 11216K, committed 11264K, reserved 1048576K
Event: 210.571 GC heap after
Heap after GC invocations=18 (full 3):
 PSYoungGen      total 305152K, used 32741K [0x00000000d5580000, 0x00000000ec780000, 0x0000000100000000)
  eden space 272384K, 0% used [0x00000000d5580000,0x00000000d5580000,0x00000000e5f80000)
  from space 32768K, 99% used [0x00000000e5f80000,0x00000000e7f79708,0x00000000e7f80000)
  to   space 39424K, 0% used [0x00000000ea100000,0x00000000ea100000,0x00000000ec780000)
 ParOldGen       total 156672K, used 43885K [0x0000000080000000, 0x0000000089900000, 0x00000000d5580000)
  object space 156672K, 28% used [0x0000000080000000,0x0000000082adb708,0x0000000089900000)
 Metaspace       used 79163K, capacity 83324K, committed 83416K, reserved 1122304K
  class space    used 10488K, capacity 11216K, committed 11264K, reserved 1048576K
}
Event: 213.814 GC heap before
{Heap before GC invocations=19 (full 3):
 PSYoungGen      total 305152K, used 305125K [0x00000000d5580000, 0x00000000ec780000, 0x0000000100000000)
  eden space 272384K, 100% used [0x00000000d5580000,0x00000000e5f80000,0x00000000e5f80000)
  from space 32768K, 99% used [0x00000000e5f80000,0x00000000e7f79708,0x00000000e7f80000)
  to   space 39424K, 0% used [0x00000000ea100000,0x00000000ea100000,0x00000000ec780000)
 ParOldGen       total 156672K, used 43885K [0x0000000080000000, 0x0000000089900000, 0x00000000d5580000)
  object space 156672K, 28% used [0x0000000080000000,0x0000000082adb708,0x0000000089900000)
 Metaspace       used 88388K, capacity 93716K, committed 93784K, reserved 1130496K
  class space    used 11984K, capacity 12906K, committed 12928K, reserved 1048576K
Event: 213.900 GC heap after
Heap after GC invocations=19 (full 3):
 PSYoungGen      total 314880K, used 39405K [0x00000000d5580000, 0x00000000eff80000, 0x0000000100000000)
  eden space 275456K, 0% used [0x00000000d5580000,0x00000000d5580000,0x00000000e6280000)
  from space 39424K, 99% used [0x00000000ea100000,0x00000000ec77b5d8,0x00000000ec780000)
  to   space 64000K, 0% used [0x00000000e6280000,0x00000000e6280000,0x00000000ea100000)
 ParOldGen       total 156672K, used 93864K [0x0000000080000000, 0x0000000089900000, 0x00000000d5580000)
  object space 156672K, 59% used [0x0000000080000000,0x0000000085baa2b8,0x0000000089900000)
 Metaspace       used 88388K, capacity 93716K, committed 93784K, reserved 1130496K
  class space    used 11984K, capacity 12906K, committed 12928K, reserved 1048576K
}
Event: 619.889 GC heap before
{Heap before GC invocations=20 (full 3):
 PSYoungGen      total 314880K, used 314861K [0x00000000d5580000, 0x00000000eff80000, 0x0000000100000000)
  eden space 275456K, 100% used [0x00000000d5580000,0x00000000e6280000,0x00000000e6280000)
  from space 39424K, 99% used [0x00000000ea100000,0x00000000ec77b5d8,0x00000000ec780000)
  to   space 64000K, 0% used [0x00000000e6280000,0x00000000e6280000,0x00000000ea100000)
 ParOldGen       total 156672K, used 93864K [0x0000000080000000, 0x0000000089900000, 0x00000000d5580000)
  object space 156672K, 59% used [0x0000000080000000,0x0000000085baa2b8,0x0000000089900000)
 Metaspace       used 90452K, capacity 95968K, committed 96088K, reserved 1132544K
  class space    used 12186K, capacity 13150K, committed 13184K, reserved 1048576K
Event: 619.957 GC heap after
Heap after GC invocations=20 (full 3):
 PSYoungGen      total 339456K, used 63990K [0x00000000d5580000, 0x00000000f1580000, 0x0000000100000000)
  eden space 275456K, 0% used [0x00000000d5580000,0x00000000d5580000,0x00000000e6280000)
  from space 64000K, 99% used [0x00000000e6280000,0x00000000ea0fd860,0x00000000ea100000)
  to   space 81920K, 0% used [0x00000000ec580000,0x00000000ec580000,0x00000000f1580000)
 ParOldGen       total 156672K, used 112504K [0x0000000080000000, 0x0000000089900000, 0x00000000d5580000)
  object space 156672K, 71% used [0x0000000080000000,0x0000000086dde390,0x0000000089900000)
 Metaspace       used 90452K, capacity 95968K, committed 96088K, reserved 1132544K
  class space    used 12186K, capacity 13150K, committed 13184K, reserved 1048576K
}
Event: 624.130 GC heap before
{Heap before GC invocations=21 (full 3):
 PSYoungGen      total 339456K, used 339446K [0x00000000d5580000, 0x00000000f1580000, 0x0000000100000000)
  eden space 275456K, 100% used [0x00000000d5580000,0x00000000e6280000,0x00000000e6280000)
  from space 64000K, 99% used [0x00000000e6280000,0x00000000ea0fd860,0x00000000ea100000)
  to   space 81920K, 0% used [0x00000000ec580000,0x00000000ec580000,0x00000000f1580000)
 ParOldGen       total 156672K, used 112504K [0x0000000080000000, 0x0000000089900000, 0x00000000d5580000)
  object space 156672K, 71% used [0x0000000080000000,0x0000000086dde390,0x0000000089900000)
 Metaspace       used 91354K, capacity 97024K, committed 97240K, reserved 1132544K
  class space    used 12294K, capacity 13284K, committed 13312K, reserved 1048576K

Deoptimization events (10 events):
Event: 623.735 Thread 0x000000001f958000 Uncommon trap: reason=bimorphic action=maybe_recompile pc=0x000000000593f868 method=com.android.tools.r8.q.a.a.b.J0.k()Ljava/lang/Object; @ 27
Event: 623.735 Thread 0x000000001f958000 Uncommon trap: reason=bimorphic action=maybe_recompile pc=0x000000000593f868 method=com.android.tools.r8.q.a.a.b.J0.k()Ljava/lang/Object; @ 27
Event: 623.735 Thread 0x000000001f958000 Uncommon trap: reason=bimorphic action=maybe_recompile pc=0x000000000593f868 method=com.android.tools.r8.q.a.a.b.J0.k()Ljava/lang/Object; @ 27
Event: 623.736 Thread 0x000000001f958000 Uncommon trap: reason=bimorphic action=maybe_recompile pc=0x000000000593f868 method=com.android.tools.r8.q.a.a.b.J0.k()Ljava/lang/Object; @ 27
Event: 623.737 Thread 0x000000001f958000 Uncommon trap: reason=null_check action=make_not_entrant pc=0x0000000005767830 method=com.android.tools.r8.q.a.b.h.b(Ljava/lang/Object;)V @ 71
Event: 623.738 Thread 0x000000001f958000 Uncommon trap: reason=unstable_if action=reinterpret pc=0x0000000003665614 method=com.android.tools.r8.t.a.a.a.h.Y$f.hasNext()Z @ 4
Event: 623.739 Thread 0x000000001f958000 Uncommon trap: reason=class_check action=maybe_recompile pc=0x00000000059cfcfc method=com.android.tools.r8.dex.r.a(Ljava/util/Collection;ILjava/util/function/Consumer;)V @ 29
Event: 623.739 Thread 0x000000001f958000 Uncommon trap: reason=class_check action=maybe_recompile pc=0x00000000059cfcfc method=com.android.tools.r8.dex.r.a(Ljava/util/Collection;ILjava/util/function/Consumer;)V @ 29
Event: 623.873 Thread 0x000000001f953800 Uncommon trap: reason=bimorphic action=maybe_recompile pc=0x0000000003bc4c24 method=java.util.stream.StreamOpFlag.fromCharacteristics(Ljava/util/Spliterator;)I @ 14
Event: 623.907 Thread 0x000000001f953800 Uncommon trap: reason=unstable_if action=reinterpret pc=0x00000000055c8c58 method=java.lang.Long.parseLong(Ljava/lang/String;I)J @ 124

Classes redefined (0 events):
No events

Internal exceptions (10 events):
Event: 622.659 Thread 0x000000001d4e5000 Exception <a 'sun/nio/fs/WindowsException'> (0x00000000db3917d0) thrown at [C:\src\AOSP-openjdk-git\hotspot\src\share\vm\prims\jni.cpp, line 710]
Event: 622.659 Thread 0x000000001d4e5000 Exception <a 'sun/nio/fs/WindowsException'> (0x00000000db3930a0) thrown at [C:\src\AOSP-openjdk-git\hotspot\src\share\vm\prims\jni.cpp, line 710]
Event: 622.659 Thread 0x000000001d4e5000 Exception <a 'sun/nio/fs/WindowsException'> (0x00000000db3a0018) thrown at [C:\src\AOSP-openjdk-git\hotspot\src\share\vm\prims\jni.cpp, line 710]
Event: 622.659 Thread 0x000000001d4e5000 Exception <a 'sun/nio/fs/WindowsException'> (0x00000000db3a18f8) thrown at [C:\src\AOSP-openjdk-git\hotspot\src\share\vm\prims\jni.cpp, line 710]
Event: 623.481 Thread 0x000000001d4e7000 Exception <a 'java/lang/NoSuchMethodError': <clinit>> (0x00000000dc934650) thrown at [C:\src\AOSP-openjdk-git\hotspot\src\share\vm\prims\jni.cpp, line 1615]
Event: 623.529 Thread 0x000000001d4e5000 Exception <a 'sun/nio/fs/WindowsException'> (0x00000000dd253310) thrown at [C:\src\AOSP-openjdk-git\hotspot\src\share\vm\prims\jni.cpp, line 710]
Event: 623.530 Thread 0x000000001d4e5000 Exception <a 'sun/nio/fs/WindowsException'> (0x00000000dd254bd0) thrown at [C:\src\AOSP-openjdk-git\hotspot\src\share\vm\prims\jni.cpp, line 710]
Event: 623.666 Thread 0x000000001f958000 Exception <a 'sun/nio/fs/WindowsException'> (0x00000000decc1e20) thrown at [C:\src\AOSP-openjdk-git\hotspot\src\share\vm\prims\jni.cpp, line 710]
Event: 623.740 Thread 0x000000001f958000 Exception <a 'sun/nio/fs/WindowsException'> (0x00000000df4fbb18) thrown at [C:\src\AOSP-openjdk-git\hotspot\src\share\vm\prims\jni.cpp, line 710]
Event: 623.872 Thread 0x000000001f953800 Exception <a 'sun/nio/fs/WindowsException'> (0x00000000e14a4788) thrown at [C:\src\AOSP-openjdk-git\hotspot\src\share\vm\prims\jni.cpp, line 710]

Events (10 events):
Event: 624.129 Thread 0x000000001a122000 flushing nmethod 0x0000000004047c10
Event: 624.129 Thread 0x000000001a122000 flushing nmethod 0x0000000004063750
Event: 624.130 Thread 0x000000001a122000 flushing nmethod 0x00000000040d3310
Event: 624.130 Thread 0x000000001a122000 flushing nmethod 0x00000000040f7890
Event: 624.130 Thread 0x000000001a122000 flushing nmethod 0x000000000410fe90
Event: 624.130 Thread 0x000000001a122000 flushing nmethod 0x0000000004147950
Event: 624.130 Thread 0x000000001a122000 flushing nmethod 0x0000000004161cd0
Event: 624.130 Thread 0x000000001a122000 flushing nmethod 0x0000000004165350
Event: 624.130 Thread 0x000000001a122000 flushing nmethod 0x000000000416a450
Event: 624.130 Executing VM operation: ParallelGCFailedAllocation


Dynamic libraries:
0x00007ff74ee70000 - 0x00007ff74eea1000 	D:\AndroidStudio\jre\bin\java.exe
0x00007ffd08730000 - 0x00007ffd08925000 	C:\WINDOWS\SYSTEM32\ntdll.dll
0x00007ffd06cf0000 - 0x00007ffd06dad000 	C:\WINDOWS\System32\KERNEL32.DLL
0x00007ffd063b0000 - 0x00007ffd06679000 	C:\WINDOWS\System32\KERNELBASE.dll
0x00007ffd07280000 - 0x00007ffd0732c000 	C:\WINDOWS\System32\ADVAPI32.dll
0x00007ffd07c80000 - 0x00007ffd07d1e000 	C:\WINDOWS\System32\msvcrt.dll
0x00007ffd07bd0000 - 0x00007ffd07c6c000 	C:\WINDOWS\System32\sechost.dll
0x00007ffd06860000 - 0x00007ffd0698b000 	C:\WINDOWS\System32\RPCRT4.dll
0x00007ffd08550000 - 0x00007ffd086f0000 	C:\WINDOWS\System32\USER32.dll
0x00007ffd06380000 - 0x00007ffd063a2000 	C:\WINDOWS\System32\win32u.dll
0x00007ffd08520000 - 0x00007ffd0854a000 	C:\WINDOWS\System32\GDI32.dll
0x00007ffd06680000 - 0x00007ffd0678b000 	C:\WINDOWS\System32\gdi32full.dll
0x00007ffd05e70000 - 0x00007ffd05f0d000 	C:\WINDOWS\System32\msvcp_win.dll
0x00007ffd061d0000 - 0x00007ffd062d0000 	C:\WINDOWS\System32\ucrtbase.dll
0x00007ffcee880000 - 0x00007ffceeb1a000 	C:\WINDOWS\WinSxS\amd64_microsoft.windows.common-controls_6595b64144ccf1df_6.0.19041.844_none_ca00b6081b84eb1d\COMCTL32.dll
0x00007ffd08080000 - 0x00007ffd080b0000 	C:\WINDOWS\System32\IMM32.DLL
0x00000000757d0000 - 0x00000000758a2000 	D:\AndroidStudio\jre\jre\bin\msvcr100.dll
0x0000000076290000 - 0x0000000076adb000 	D:\AndroidStudio\jre\jre\bin\server\jvm.dll
0x00007ffd06c30000 - 0x00007ffd06c38000 	C:\WINDOWS\System32\PSAPI.DLL
0x00007ffd03760000 - 0x00007ffd03769000 	C:\WINDOWS\SYSTEM32\WSOCK32.dll
0x00007ffcfb690000 - 0x00007ffcfb6b7000 	C:\WINDOWS\SYSTEM32\WINMM.dll
0x00007ffcfcd90000 - 0x00007ffcfcd9a000 	C:\WINDOWS\SYSTEM32\VERSION.dll
0x00007ffd084b0000 - 0x00007ffd0851b000 	C:\WINDOWS\System32\WS2_32.dll
0x00007ffd036b0000 - 0x00007ffd036bf000 	D:\AndroidStudio\jre\jre\bin\verify.dll
0x00007ffd01a10000 - 0x00007ffd01a39000 	D:\AndroidStudio\jre\jre\bin\java.dll
0x00007ffd013c0000 - 0x00007ffd013d6000 	D:\AndroidStudio\jre\jre\bin\zip.dll
0x00007ffd07470000 - 0x00007ffd07bb2000 	C:\WINDOWS\System32\SHELL32.dll
0x00007ffd03ff0000 - 0x00007ffd04780000 	C:\WINDOWS\SYSTEM32\windows.storage.dll
0x00007ffd07d20000 - 0x00007ffd08075000 	C:\WINDOWS\System32\combase.dll
0x00007ffd058e0000 - 0x00007ffd0590c000 	C:\WINDOWS\SYSTEM32\Wldp.dll
0x00007ffd06c40000 - 0x00007ffd06cee000 	C:\WINDOWS\System32\SHCORE.dll
0x00007ffd083a0000 - 0x00007ffd083f5000 	C:\WINDOWS\System32\shlwapi.dll
0x00007ffd05db0000 - 0x00007ffd05dcf000 	C:\WINDOWS\SYSTEM32\profapi.dll
0x00007ffcfbf60000 - 0x00007ffcfbf7a000 	D:\AndroidStudio\jre\jre\bin\net.dll
0x00007ffd05660000 - 0x00007ffd056ca000 	C:\WINDOWS\system32\mswsock.dll
0x00007ffcfa360000 - 0x00007ffcfa373000 	D:\AndroidStudio\jre\jre\bin\nio.dll
0x00007ffcf9170000 - 0x00007ffcf9197000 	C:\Users\hugo\.gradle\native\f6784746aeab05261644944871eae4fe03e0ef1612fff0a4a95f87b438bc6780\windows-amd64\native-platform.dll
0x00007ffcfc010000 - 0x00007ffcfc01d000 	D:\AndroidStudio\jre\jre\bin\management.dll
0x00007ffd05830000 - 0x00007ffd05848000 	C:\WINDOWS\SYSTEM32\CRYPTSP.dll
0x00007ffd04f30000 - 0x00007ffd04f64000 	C:\WINDOWS\system32\rsaenh.dll
0x00007ffd05f90000 - 0x00007ffd05fb7000 	C:\WINDOWS\System32\bcrypt.dll
0x00007ffd05d30000 - 0x00007ffd05d5e000 	C:\WINDOWS\SYSTEM32\USERENV.dll
0x00007ffd05f10000 - 0x00007ffd05f90000 	C:\WINDOWS\System32\bcryptprimitives.dll
0x00007ffd05850000 - 0x00007ffd0585c000 	C:\WINDOWS\SYSTEM32\CRYPTBASE.dll
0x00007ffd05300000 - 0x00007ffd0533b000 	C:\WINDOWS\SYSTEM32\IPHLPAPI.DLL
0x00007ffd07bc0000 - 0x00007ffd07bc8000 	C:\WINDOWS\System32\NSI.dll
0x00007ffcffbd0000 - 0x00007ffcffbe7000 	C:\WINDOWS\SYSTEM32\dhcpcsvc6.DLL
0x00007ffcffbb0000 - 0x00007ffcffbcd000 	C:\WINDOWS\SYSTEM32\dhcpcsvc.DLL
0x00007ffd05350000 - 0x00007ffd0541b000 	C:\WINDOWS\SYSTEM32\DNSAPI.dll
0x00007ffcffc40000 - 0x00007ffcffc4b000 	C:\WINDOWS\SYSTEM32\WINNSI.DLL
0x00007ffce7220000 - 0x00007ffce723e000 	C:\Users\hugo\AppData\Local\Temp\native-platform8088257928733535655dir\native-platform.dll

VM Arguments:
jvm_args: -Xmx2048m -Dfile.encoding=UTF-8 -Duser.country=PT -Duser.language=pt -Duser.variant 
java_command: org.gradle.launcher.daemon.bootstrap.GradleDaemon 6.5
java_class_path (initial): C:\Users\hugo\.gradle\wrapper\dists\gradle-6.5-all\2oz4ud9k3tuxjg84bbf55q0tn\gradle-6.5\lib\gradle-launcher-6.5.jar
Launcher Type: SUN_STANDARD

Environment Variables:
JAVA_HOME=C:\Program Files (x86)\Common Files\Oracle\Java\javapath
PATH=D:\Python3\Scripts\;D:\Python3\;C:\Program Files (x86)\Common Files\Oracle\Java\javapath;C:\WINDOWS\system32;C:\WINDOWS;C:\WINDOWS\system32\Wbem;C:\ProgramData\Oracle\Java\javapath;C:\Windows\system32;C:\Windows;C:\Windows\System32\Wbem;C:\Windows\System32\WindowsPowerShell\v1.0\;C:\Program Files (x86)\NVIDIA Corporation\PhysX\Common;D:\Putty\;C:\WINDOWS\System32\WindowsPowerShell\v1.0\;C:\WINDOWS\System32\OpenSSH\;D:\Microsoft VS Code\bin;D:\nodejs\;C:\Program Files\NVIDIA Corporation\NVIDIA NvDLISR;C:\WINDOWS\system32;C:\WINDOWS;C:\WINDOWS\System32\Wbem;C:\WINDOWS\System32\WindowsPowerShell\v1.0\;C:\WINDOWS\System32\OpenSSH\;D:\OpenVPN\bin;C:\ProgramData\chocolatey\bin;C:\Program Files\dotnet\;C:\Program Files\Microsoft SQL Server\130\Tools\Binn\;C:\Program Files\Microsoft SQL Server\Client SDK\ODBC\170\Tools\Binn\;C:\Program Files\Git\cmd;C:\Program Files (x86)\dotnet\;D:\Vagrant\bin;D:\Virtualbox;C:\Program Files\MySQL\MySQL Shell 8.0\bin\;C:\Users\hugo\AppData\Local\Microsoft\WindowsApps;D:\Microsoft VS Code\bin;C:\Users\hugo\AppData\Roaming\npm;C:\Users\hugo\AppData\Local\GitHubDesktop\bin;C:\Users\hugo\AppData\Local\GitHubDesktop\app-2.5.3\resources\app\git\cmd;C:\Users\hugo\.dotnet\tools;C:\Users\hugo\AppData\Local\Microsoft\WindowsApps;C:\Program Files\mingw-w64\x86_64-8.1.0-posix-seh-rt_v6-rev0\mingw64\bin;D:\softwareUselessStuff\apache-maven-3.6.3\bin;D:\Virtualbox;
USERNAME=hugo
OS=Windows_NT
PROCESSOR_IDENTIFIER=Intel64 Family 6 Model 94 Stepping 3, GenuineIntel



---------------  S Y S T E M  ---------------

OS: Windows 10.0 , 64 bit Build 19041 (10.0.19041.804)

CPU:total 8 (initial active 8) (4 cores per cpu, 2 threads per core) family 6 model 94 stepping 3, cmov, cx8, fxsr, mmx, sse, sse2, sse3, ssse3, sse4.1, sse4.2, popcnt, avx, avx2, aes, clmul, erms, rtm, 3dnowpref, lzcnt, ht, tsc, tscinvbit, bmi1, bmi2, adx

Memory: 4k page, physical 12506696k(780164k free), swap 17649772k(5632k free)

vm_info: OpenJDK 64-Bit Server VM (25.242-b01) for windows-amd64 JRE (1.8.0_242-release-1644-b01), built by "builder" with MS VC++ 10.0 (VS2010)

time: Fri Mar 26 19:18:14 2021
timezone: Hora padro de GMT
elapsed time: 624 seconds (0d 0h 10m 24s)

